<?xml version="1.0" encoding="UTF-8"?>
<!-- Generated by org.testng.reporters.JUnitXMLReporter -->
<testsuite ignored="0" hostname="DESKTOP-33A3PLT" failures="0" tests="3" name="Default test" time="231.246" errors="0" timestamp="2023-05-05T11:15:48 IST">
  <testcase classname="Test_scenerios.Main_pageTest" name="loginPage" time="173.012"/>
  <testcase classname="Test_scenerios.Main_pageTest" name="create_user" time="0.149"/>
  <testcase classname="Test_scenerios.Main_pageTest" name="mission_UserCreate" time="23.532"/>
</testsuite> <!-- Default test -->
