<?xml version="1.0" encoding="UTF-8"?>
<testng-results ignored="0" total="3" passed="3" failed="0" skipped="0">
  <reporter-output>
  </reporter-output>
  <suite started-at="2023-05-05T11:11:56 IST" name="Default suite" finished-at="2023-05-05T11:15:48 IST" duration-ms="231246">
    <groups>
    </groups>
    <test started-at="2023-05-05T11:11:56 IST" name="Default test" finished-at="2023-05-05T11:15:48 IST" duration-ms="231246">
      <class name="Test_scenerios.Main_pageTest">
        <test-method is-config="true" signature="beforetest()[pri:0, instance:Test_scenerios.Main_pageTest@682b2fa]" started-at="2023-05-05T11:11:57 IST" name="beforetest" finished-at="2023-05-05T11:12:26 IST" duration-ms="28770" status="PASS">
          <reporter-output>
          </reporter-output>
        </test-method> <!-- beforetest -->
        <test-method signature="loginPage()[pri:0, instance:Test_scenerios.Main_pageTest@682b2fa]" started-at="2023-05-05T11:12:26 IST" name="loginPage" finished-at="2023-05-05T11:15:19 IST" duration-ms="173012" status="PASS">
          <reporter-output>
          </reporter-output>
        </test-method> <!-- loginPage -->
        <test-method signature="create_user()[pri:1, instance:Test_scenerios.Main_pageTest@682b2fa]" started-at="2023-05-05T11:15:19 IST" name="create_user" finished-at="2023-05-05T11:15:19 IST" duration-ms="149" status="PASS">
          <reporter-output>
          </reporter-output>
        </test-method> <!-- create_user -->
        <test-method signature="mission_UserCreate()[pri:2, instance:Test_scenerios.Main_pageTest@682b2fa]" started-at="2023-05-05T11:15:19 IST" name="mission_UserCreate" finished-at="2023-05-05T11:15:42 IST" duration-ms="23532" status="PASS">
          <reporter-output>
          </reporter-output>
        </test-method> <!-- mission_UserCreate -->
        <test-method is-config="true" signature="aftertest()[pri:0, instance:Test_scenerios.Main_pageTest@682b2fa]" started-at="2023-05-05T11:15:42 IST" name="aftertest" finished-at="2023-05-05T11:15:48 IST" duration-ms="5461" status="PASS">
          <reporter-output>
          </reporter-output>
        </test-method> <!-- aftertest -->
      </class> <!-- Test_scenerios.Main_pageTest -->
    </test> <!-- Default test -->
  </suite> <!-- Default suite -->
</testng-results>
